[2018-12-26 17:52:12.181] [exthost1] [info] extension host started
[2018-12-26 17:52:12.729] [exthost1] [info] extension host started
[2018-12-26 17:52:12.768] [exthost1] [info] ExtensionService#_doActivateExtension vscode.debug-auto-launch {"startup":true,"activationEvent":"*"}
[2018-12-26 17:52:12.783] [exthost1] [info] ExtensionService#loadCommonJSModule c:\Users\amdv2\.codemix\engine\resources\app\extensions\debug-auto-launch\out\extension
[2018-12-26 17:52:12.795] [exthost1] [info] ExtensionService#_doActivateExtension vscode.emmet {"startup":true,"activationEvent":"*"}
[2018-12-26 17:52:12.795] [exthost1] [info] ExtensionService#loadCommonJSModule c:\Users\amdv2\.codemix\engine\resources\app\extensions\emmet\dist\extension
[2018-12-26 17:52:12.847] [exthost1] [info] ExtensionService#_doActivateExtension vscode.merge-conflict {"startup":true,"activationEvent":"*"}
[2018-12-26 17:52:12.847] [exthost1] [info] ExtensionService#loadCommonJSModule c:\Users\amdv2\.codemix\engine\resources\app\extensions\merge-conflict\out\extension
[2018-12-26 17:52:12.875] [exthost1] [info] ExtensionService#_doActivateExtension vscode.search-rg {"startup":true,"activationEvent":"*"}
[2018-12-26 17:52:12.875] [exthost1] [info] ExtensionService#loadCommonJSModule c:\Users\amdv2\.codemix\engine\resources\app\extensions\search-rg\out\extension
[2018-12-26 17:52:12.884] [exthost1] [info] ExtensionService#_doActivateExtension christian-kohler.path-intellisense {"startup":true,"activationEvent":"*"}
[2018-12-26 17:52:12.884] [exthost1] [info] ExtensionService#loadCommonJSModule C:\Users\amdv2\.codemix\extensions\christian-kohler.path-intellisense-1.4.2\out\src\extension
[2018-12-26 17:52:12.902] [exthost1] [info] ExtensionService#_doActivateExtension dbaeumer.vscode-eslint {"startup":true,"activationEvent":"*"}
[2018-12-26 17:52:12.902] [exthost1] [info] ExtensionService#loadCommonJSModule C:\Users\amdv2\.codemix\extensions\dbaeumer.vscode-eslint-1.4.10\client\out\extension
[2018-12-26 17:52:12.991] [exthost1] [info] ExtensionService#_doActivateExtension formulahendry.auto-close-tag {"startup":true,"activationEvent":"*"}
[2018-12-26 17:52:12.991] [exthost1] [info] ExtensionService#loadCommonJSModule C:\Users\amdv2\.codemix\extensions\formulahendry.auto-close-tag-0.5.6\out\src\extension
[2018-12-26 17:52:12.993] [exthost1] [info] ExtensionService#_doActivateExtension HookyQR.beautify {"startup":true,"activationEvent":"*"}
[2018-12-26 17:52:12.993] [exthost1] [info] ExtensionService#loadCommonJSModule C:\Users\amdv2\.codemix\extensions\hookyqr.beautify-1.3.0\extension
[2018-12-26 17:52:13.046] [exthost1] [info] eager extensions activated
[2018-12-26 17:52:13.046] [exthost1] [info] ExtensionService#_doActivateExtension vscode.configuration-editing {"startup":false,"activationEvent":"onLanguage:jsonc"}
[2018-12-26 17:52:13.046] [exthost1] [info] ExtensionService#loadCommonJSModule c:\Users\amdv2\.codemix\engine\resources\app\extensions\configuration-editing\out\extension
[2018-12-26 17:52:13.055] [exthost1] [info] ExtensionService#_doActivateExtension vscode.json-language-features {"startup":false,"activationEvent":"onLanguage:jsonc"}
[2018-12-26 17:52:13.055] [exthost1] [info] ExtensionService#loadCommonJSModule c:\Users\amdv2\.codemix\engine\resources\app\extensions\json-language-features\client\dist\jsonMain
[2018-12-26 17:52:13.335] [exthost1] [info] ExtensionService#_doActivateExtension vscode.typescript-language-features {"startup":false,"activationEvent":"onLanguage:jsonc"}
[2018-12-26 17:52:13.335] [exthost1] [info] ExtensionService#loadCommonJSModule c:\Users\amdv2\.codemix\engine\resources\app\extensions\typescript-language-features\dist\extension
[2018-12-26 17:52:13.513] [exthost1] [info] ExtensionService#_doActivateExtension vscode.grunt {"startup":false,"activationEvent":"onCommand:workbench.action.tasks.runTask"}
[2018-12-26 17:52:13.513] [exthost1] [info] ExtensionService#loadCommonJSModule c:\Users\amdv2\.codemix\engine\resources\app\extensions\grunt\out\main
[2018-12-26 17:52:13.530] [exthost1] [info] ExtensionService#_doActivateExtension vscode.gulp {"startup":false,"activationEvent":"onCommand:workbench.action.tasks.runTask"}
[2018-12-26 17:52:13.530] [exthost1] [info] ExtensionService#loadCommonJSModule c:\Users\amdv2\.codemix\engine\resources\app\extensions\gulp\out\main
[2018-12-26 17:52:13.535] [exthost1] [info] ExtensionService#_doActivateExtension vscode.jake {"startup":false,"activationEvent":"onCommand:workbench.action.tasks.runTask"}
[2018-12-26 17:52:13.535] [exthost1] [info] ExtensionService#loadCommonJSModule c:\Users\amdv2\.codemix\engine\resources\app\extensions\jake\out\main
[2018-12-26 17:52:13.540] [exthost1] [info] ExtensionService#_doActivateExtension vscode.npm {"startup":false,"activationEvent":"onCommand:workbench.action.tasks.runTask"}
[2018-12-26 17:52:13.540] [exthost1] [info] ExtensionService#loadCommonJSModule c:\Users\amdv2\.codemix\engine\resources\app\extensions\npm\out\main
